{"/Users/ma-molinari/Documents/projects/m-tech/m-feed-app/src/constants/env.ts": {"path":"/Users/ma-molinari/Documents/projects/m-tech/m-feed-app/src/constants/env.ts","statementMap":{"0":{"start":{"line":6,"column":2},"end":{"line":13,"column":3}},"1":{"start":{"line":9,"column":19},"end":{"line":9,"column":85}},"2":{"start":{"line":10,"column":4},"end":{"line":10,"column":24}},"3":{"start":{"line":12,"column":4},"end":{"line":12,"column":14}},"4":{"start":{"line":16,"column":15},"end":{"line":16,"column":33}},"5":{"start":{"line":17,"column":14},"end":{"line":17,"column":72}},"6":{"start":{"line":19,"column":19},"end":{"line":22,"column":10}}},"fnMap":{"0":{"name":"readNativeConfig","decl":{"start":{"line":5,"column":9},"end":{"line":5,"column":25}},"loc":{"start":{"line":5,"column":42},"end":{"line":14,"column":1}},"line":5}},"branchMap":{"0":{"loc":{"start":{"line":10,"column":11},"end":{"line":10,"column":23}},"type":"binary-expr","locations":[{"start":{"line":10,"column":11},"end":{"line":10,"column":17}},{"start":{"line":10,"column":21},"end":{"line":10,"column":23}}],"line":10},"1":{"loc":{"start":{"line":17,"column":15},"end":{"line":17,"column":48}},"type":"binary-expr","locations":[{"start":{"line":17,"column":15},"end":{"line":17,"column":42}},{"start":{"line":17,"column":46},"end":{"line":17,"column":48}}],"line":17},"2":{"loc":{"start":{"line":20,"column":10},"end":{"line":20,"column":46}},"type":"binary-expr","locations":[{"start":{"line":20,"column":10},"end":{"line":20,"column":24}},{"start":{"line":20,"column":28},"end":{"line":20,"column":40}},{"start":{"line":20,"column":44},"end":{"line":20,"column":46}}],"line":20},"3":{"loc":{"start":{"line":21,"column":10},"end":{"line":21,"column":94}},"type":"binary-expr","locations":[{"start":{"line":21,"column":10},"end":{"line":21,"column":20}},{"start":{"line":21,"column":25},"end":{"line":21,"column":93}}],"line":21},"4":{"loc":{"start":{"line":21,"column":25},"end":{"line":21,"column":93}},"type":"cond-expr","locations":[{"start":{"line":21,"column":65},"end":{"line":21,"column":77}},{"start":{"line":21,"column":80},"end":{"line":21,"column":93}}],"line":21}},"s":{"0":0,"1":0,"2":0,"3":0,"4":0,"5":0,"6":0},"f":{"0":0},"b":{"0":[0,0],"1":[0,0],"2":[0,0,0],"3":[0,0],"4":[0,0]}}
,"/Users/ma-molinari/Documents/projects/m-tech/m-feed-app/src/features/auth/hooks/useAuth.ts": {"path":"/Users/ma-molinari/Documents/projects/m-tech/m-feed-app/src/features/auth/hooks/useAuth.ts","statementMap":{},"fnMap":{},"branchMap":{},"s":{},"f":{},"b":{}}
,"/Users/ma-molinari/Documents/projects/m-tech/m-feed-app/src/features/auth/screens/LoginScreen.tsx": {"path":"/Users/ma-molinari/Documents/projects/m-tech/m-feed-app/src/features/auth/screens/LoginScreen.tsx","statementMap":{"0":{"start":{"line":15,"column":19},"end":{"line":15,"column":50}},"1":{"start":{"line":15,"column":39},"end":{"line":15,"column":49}},"2":{"start":{"line":17,"column":19},"end":{"line":19,"column":16}},"3":{"start":{"line":18,"column":4},"end":{"line":18,"column":27}},"4":{"start":{"line":21,"column":2},"end":{"line":31,"column":4}},"5":{"start":{"line":27,"column":32},"end":{"line":27,"column":63}},"6":{"start":{"line":34,"column":15},"end":{"line":51,"column":2}}},"fnMap":{"0":{"name":"LoginScreen","decl":{"start":{"line":14,"column":16},"end":{"line":14,"column":27}},"loc":{"start":{"line":14,"column":51},"end":{"line":32,"column":1}},"line":14},"1":{"name":"(anonymous_1)","decl":{"start":{"line":15,"column":32},"end":{"line":15,"column":33}},"loc":{"start":{"line":15,"column":39},"end":{"line":15,"column":49}},"line":15},"2":{"name":"(anonymous_2)","decl":{"start":{"line":17,"column":31},"end":{"line":17,"column":32}},"loc":{"start":{"line":17,"column":37},"end":{"line":19,"column":3}},"line":17},"3":{"name":"(anonymous_3)","decl":{"start":{"line":27,"column":26},"end":{"line":27,"column":27}},"loc":{"start":{"line":27,"column":32},"end":{"line":27,"column":63}},"line":27}},"branchMap":{},"s":{"0":1,"1":3,"2":1,"3":0,"4":1,"5":0,"6":1},"f":{"0":1,"1":3,"2":0,"3":0},"b":{},"_coverageSchema":"1a1c01bbd47fc00a2c39e90264f33305004495a9","hash":"178679fc67639dad54ad03600254e9f9db094fa0"}
,"/Users/ma-molinari/Documents/projects/m-tech/m-feed-app/src/features/auth/screens/RegisterScreen.tsx": {"path":"/Users/ma-molinari/Documents/projects/m-tech/m-feed-app/src/features/auth/screens/RegisterScreen.tsx","statementMap":{"0":{"start":{"line":13,"column":2},"end":{"line":20,"column":4}},"1":{"start":{"line":16,"column":32},"end":{"line":16,"column":60}},"2":{"start":{"line":23,"column":15},"end":{"line":32,"column":2}}},"fnMap":{"0":{"name":"RegisterScreen","decl":{"start":{"line":12,"column":16},"end":{"line":12,"column":30}},"loc":{"start":{"line":12,"column":54},"end":{"line":21,"column":1}},"line":12},"1":{"name":"(anonymous_1)","decl":{"start":{"line":16,"column":26},"end":{"line":16,"column":27}},"loc":{"start":{"line":16,"column":32},"end":{"line":16,"column":60}},"line":16}},"branchMap":{},"s":{"0":0,"1":0,"2":0},"f":{"0":0,"1":0},"b":{}}
,"/Users/ma-molinari/Documents/projects/m-tech/m-feed-app/src/features/auth/services/authApi.ts": {"path":"/Users/ma-molinari/Documents/projects/m-tech/m-feed-app/src/features/auth/services/authApi.ts","statementMap":{},"fnMap":{},"branchMap":{},"s":{},"f":{},"b":{}}
,"/Users/ma-molinari/Documents/projects/m-tech/m-feed-app/src/features/auth/store/index.ts": {"path":"/Users/ma-molinari/Documents/projects/m-tech/m-feed-app/src/features/auth/store/index.ts","statementMap":{},"fnMap":{},"branchMap":{},"s":{},"f":{},"b":{}}
,"/Users/ma-molinari/Documents/projects/m-tech/m-feed-app/src/features/auth/types/index.ts": {"path":"/Users/ma-molinari/Documents/projects/m-tech/m-feed-app/src/features/auth/types/index.ts","statementMap":{},"fnMap":{},"branchMap":{},"s":{},"f":{},"b":{}}
,"/Users/ma-molinari/Documents/projects/m-tech/m-feed-app/src/features/feed/hooks/useFeedItems.ts": {"path":"/Users/ma-molinari/Documents/projects/m-tech/m-feed-app/src/features/feed/hooks/useFeedItems.ts","statementMap":{"0":{"start":{"line":6,"column":2},"end":{"line":10,"column":5}}},"fnMap":{"0":{"name":"useFeedItems","decl":{"start":{"line":5,"column":16},"end":{"line":5,"column":28}},"loc":{"start":{"line":5,"column":31},"end":{"line":11,"column":1}},"line":5}},"branchMap":{},"s":{"0":0},"f":{"0":0},"b":{}}
,"/Users/ma-molinari/Documents/projects/m-tech/m-feed-app/src/features/feed/screens/FeedScreen.tsx": {"path":"/Users/ma-molinari/Documents/projects/m-tech/m-feed-app/src/features/feed/screens/FeedScreen.tsx","statementMap":{"0":{"start":{"line":13,"column":27},"end":{"line":13,"column":29}},"1":{"start":{"line":16,"column":18},"end":{"line":16,"column":48}},"2":{"start":{"line":16,"column":38},"end":{"line":16,"column":47}},"3":{"start":{"line":18,"column":21},"end":{"line":25,"column":8}},"4":{"start":{"line":19,"column":4},"end":{"line":24,"column":11}},"5":{"start":{"line":27,"column":2},"end":{"line":45,"column":4}},"6":{"start":{"line":39,"column":32},"end":{"line":39,"column":39}},"7":{"start":{"line":48,"column":15},"end":{"line":77,"column":2}}},"fnMap":{"0":{"name":"FeedScreen","decl":{"start":{"line":15,"column":16},"end":{"line":15,"column":26}},"loc":{"start":{"line":15,"column":29},"end":{"line":46,"column":1}},"line":15},"1":{"name":"(anonymous_1)","decl":{"start":{"line":16,"column":31},"end":{"line":16,"column":32}},"loc":{"start":{"line":16,"column":38},"end":{"line":16,"column":47}},"line":16},"2":{"name":"(anonymous_2)","decl":{"start":{"line":18,"column":33},"end":{"line":18,"column":34}},"loc":{"start":{"line":19,"column":4},"end":{"line":24,"column":11}},"line":19},"3":{"name":"(anonymous_3)","decl":{"start":{"line":39,"column":22},"end":{"line":39,"column":23}},"loc":{"start":{"line":39,"column":32},"end":{"line":39,"column":39}},"line":39}},"branchMap":{"0":{"loc":{"start":{"line":20,"column":7},"end":{"line":22,"column":14}},"type":"cond-expr","locations":[{"start":{"line":21,"column":8},"end":{"line":21,"column":61}},{"start":{"line":22,"column":10},"end":{"line":22,"column":14}}],"line":20}},"s":{"0":0,"1":0,"2":0,"3":0,"4":0,"5":0,"6":0,"7":0},"f":{"0":0,"1":0,"2":0,"3":0},"b":{"0":[0,0]}}
,"/Users/ma-molinari/Documents/projects/m-tech/m-feed-app/src/features/feed/services/feedApi.ts": {"path":"/Users/ma-molinari/Documents/projects/m-tech/m-feed-app/src/features/feed/services/feedApi.ts","statementMap":{"0":{"start":{"line":6,"column":19},"end":{"line":6,"column":59}},"1":{"start":{"line":7,"column":2},"end":{"line":7,"column":20}}},"fnMap":{"0":{"name":"fetchFeedItems","decl":{"start":{"line":5,"column":22},"end":{"line":5,"column":36}},"loc":{"start":{"line":5,"column":60},"end":{"line":8,"column":1}},"line":5}},"branchMap":{"0":{"loc":{"start":{"line":7,"column":9},"end":{"line":7,"column":19}},"type":"binary-expr","locations":[{"start":{"line":7,"column":9},"end":{"line":7,"column":13}},{"start":{"line":7,"column":17},"end":{"line":7,"column":19}}],"line":7}},"s":{"0":0,"1":0},"f":{"0":0},"b":{"0":[0,0]}}
,"/Users/ma-molinari/Documents/projects/m-tech/m-feed-app/src/features/feed/types/index.ts": {"path":"/Users/ma-molinari/Documents/projects/m-tech/m-feed-app/src/features/feed/types/index.ts","statementMap":{},"fnMap":{},"branchMap":{},"s":{},"f":{},"b":{}}
,"/Users/ma-molinari/Documents/projects/m-tech/m-feed-app/src/navigation/AuthNavigator.tsx": {"path":"/Users/ma-molinari/Documents/projects/m-tech/m-feed-app/src/navigation/AuthNavigator.tsx","statementMap":{"0":{"start":{"line":7,"column":18},"end":{"line":13,"column":2}},"1":{"start":{"line":15,"column":30},"end":{"line":15,"column":63}}},"fnMap":{},"branchMap":{},"s":{"0":0,"1":0},"f":{},"b":{}}
,"/Users/ma-molinari/Documents/projects/m-tech/m-feed-app/src/navigation/MainNavigator.tsx": {"path":"/Users/ma-molinari/Documents/projects/m-tech/m-feed-app/src/navigation/MainNavigator.tsx","statementMap":{"0":{"start":{"line":6,"column":18},"end":{"line":11,"column":2}},"1":{"start":{"line":13,"column":30},"end":{"line":13,"column":63}}},"fnMap":{},"branchMap":{},"s":{"0":0,"1":0},"f":{},"b":{}}
,"/Users/ma-molinari/Documents/projects/m-tech/m-feed-app/src/navigation/RootNavigator.tsx": {"path":"/Users/ma-molinari/Documents/projects/m-tech/m-feed-app/src/navigation/RootNavigator.tsx","statementMap":{"0":{"start":{"line":7,"column":16},"end":{"line":7,"column":44}},"1":{"start":{"line":7,"column":36},"end":{"line":7,"column":43}},"2":{"start":{"line":8,"column":2},"end":{"line":8,"column":57}}},"fnMap":{"0":{"name":"RootNavigator","decl":{"start":{"line":6,"column":16},"end":{"line":6,"column":29}},"loc":{"start":{"line":6,"column":32},"end":{"line":9,"column":1}},"line":6},"1":{"name":"(anonymous_1)","decl":{"start":{"line":7,"column":29},"end":{"line":7,"column":30}},"loc":{"start":{"line":7,"column":36},"end":{"line":7,"column":43}},"line":7}},"branchMap":{"0":{"loc":{"start":{"line":8,"column":9},"end":{"line":8,"column":56}},"type":"cond-expr","locations":[{"start":{"line":8,"column":17},"end":{"line":8,"column":35}},{"start":{"line":8,"column":38},"end":{"line":8,"column":56}}],"line":8}},"s":{"0":0,"1":0,"2":0},"f":{"0":0,"1":0},"b":{"0":[0,0]}}
,"/Users/ma-molinari/Documents/projects/m-tech/m-feed-app/src/navigation/types.ts": {"path":"/Users/ma-molinari/Documents/projects/m-tech/m-feed-app/src/navigation/types.ts","statementMap":{},"fnMap":{},"branchMap":{},"s":{},"f":{},"b":{}}
,"/Users/ma-molinari/Documents/projects/m-tech/m-feed-app/src/services/queryClient.ts": {"path":"/Users/ma-molinari/Documents/projects/m-tech/m-feed-app/src/services/queryClient.ts","statementMap":{"0":{"start":{"line":3,"column":27},"end":{"line":10,"column":2}}},"fnMap":{},"branchMap":{},"s":{"0":1},"f":{},"b":{},"_coverageSchema":"1a1c01bbd47fc00a2c39e90264f33305004495a9","hash":"24e8a0a67dcd38300d41eeefef2c846d455d2675"}
,"/Users/ma-molinari/Documents/projects/m-tech/m-feed-app/src/services/api/client.ts": {"path":"/Users/ma-molinari/Documents/projects/m-tech/m-feed-app/src/services/api/client.ts","statementMap":{"0":{"start":{"line":6,"column":25},"end":{"line":10,"column":2}},"1":{"start":{"line":12,"column":0},"end":{"line":18,"column":3}},"2":{"start":{"line":13,"column":16},"end":{"line":13,"column":45}},"3":{"start":{"line":14,"column":2},"end":{"line":16,"column":3}},"4":{"start":{"line":15,"column":4},"end":{"line":15,"column":53}},"5":{"start":{"line":17,"column":2},"end":{"line":17,"column":16}},"6":{"start":{"line":20,"column":0},"end":{"line":28,"column":2}},"7":{"start":{"line":21,"column":11},"end":{"line":21,"column":14}},"8":{"start":{"line":23,"column":4},"end":{"line":25,"column":5}},"9":{"start":{"line":24,"column":6},"end":{"line":24,"column":40}},"10":{"start":{"line":26,"column":4},"end":{"line":26,"column":31}}},"fnMap":{"0":{"name":"(anonymous_0)","decl":{"start":{"line":12,"column":35},"end":{"line":12,"column":36}},"loc":{"start":{"line":12,"column":47},"end":{"line":18,"column":1}},"line":12},"1":{"name":"(anonymous_1)","decl":{"start":{"line":21,"column":2},"end":{"line":21,"column":3}},"loc":{"start":{"line":21,"column":11},"end":{"line":21,"column":14}},"line":21},"2":{"name":"(anonymous_2)","decl":{"start":{"line":22,"column":2},"end":{"line":22,"column":3}},"loc":{"start":{"line":22,"column":11},"end":{"line":27,"column":3}},"line":22}},"branchMap":{"0":{"loc":{"start":{"line":7,"column":11},"end":{"line":7,"column":34}},"type":"binary-expr","locations":[{"start":{"line":7,"column":11},"end":{"line":7,"column":21}},{"start":{"line":7,"column":25},"end":{"line":7,"column":34}}],"line":7},"1":{"loc":{"start":{"line":14,"column":2},"end":{"line":16,"column":3}},"type":"if","locations":[{"start":{"line":14,"column":2},"end":{"line":16,"column":3}},{"start":{},"end":{}}],"line":14},"2":{"loc":{"start":{"line":23,"column":4},"end":{"line":25,"column":5}},"type":"if","locations":[{"start":{"line":23,"column":4},"end":{"line":25,"column":5}},{"start":{},"end":{}}],"line":23}},"s":{"0":0,"1":0,"2":0,"3":0,"4":0,"5":0,"6":0,"7":0,"8":0,"9":0,"10":0},"f":{"0":0,"1":0,"2":0},"b":{"0":[0,0],"1":[0,0],"2":[0,0]}}
,"/Users/ma-molinari/Documents/projects/m-tech/m-feed-app/src/shared/components/RemoteImage.tsx": {"path":"/Users/ma-molinari/Documents/projects/m-tech/m-feed-app/src/shared/components/RemoteImage.tsx","statementMap":{"0":{"start":{"line":12,"column":2},"end":{"line":12,"column":91}}},"fnMap":{"0":{"name":"RemoteImage","decl":{"start":{"line":11,"column":16},"end":{"line":11,"column":27}},"loc":{"start":{"line":11,"column":73},"end":{"line":13,"column":1}},"line":11}},"branchMap":{"0":{"loc":{"start":{"line":11,"column":42},"end":{"line":11,"column":62}},"type":"default-arg","locations":[{"start":{"line":11,"column":55},"end":{"line":11,"column":62}}],"line":11}},"s":{"0":0},"f":{"0":0},"b":{"0":[0]}}
,"/Users/ma-molinari/Documents/projects/m-tech/m-feed-app/src/shared/types/index.ts": {"path":"/Users/ma-molinari/Documents/projects/m-tech/m-feed-app/src/shared/types/index.ts","statementMap":{},"fnMap":{},"branchMap":{},"s":{},"f":{},"b":{}}
,"/Users/ma-molinari/Documents/projects/m-tech/m-feed-app/src/store/authStore.ts": {"path":"/Users/ma-molinari/Documents/projects/m-tech/m-feed-app/src/store/authStore.ts","statementMap":{"0":{"start":{"line":12,"column":28},"end":{"line":25,"column":1}},"1":{"start":{"line":14,"column":14},"end":{"line":18,"column":5}},"2":{"start":{"line":16,"column":27},"end":{"line":16,"column":41}},"3":{"start":{"line":17,"column":21},"end":{"line":17,"column":41}},"4":{"start":{"line":21,"column":39},"end":{"line":21,"column":50}},"5":{"start":{"line":22,"column":30},"end":{"line":22,"column":52}}},"fnMap":{"0":{"name":"(anonymous_0)","decl":{"start":{"line":14,"column":4},"end":{"line":14,"column":5}},"loc":{"start":{"line":14,"column":14},"end":{"line":18,"column":5}},"line":14},"1":{"name":"(anonymous_1)","decl":{"start":{"line":16,"column":16},"end":{"line":16,"column":17}},"loc":{"start":{"line":16,"column":27},"end":{"line":16,"column":41}},"line":16},"2":{"name":"(anonymous_2)","decl":{"start":{"line":17,"column":15},"end":{"line":17,"column":16}},"loc":{"start":{"line":17,"column":21},"end":{"line":17,"column":41}},"line":17},"3":{"name":"(anonymous_3)","decl":{"start":{"line":21,"column":33},"end":{"line":21,"column":34}},"loc":{"start":{"line":21,"column":39},"end":{"line":21,"column":50}},"line":21},"4":{"name":"(anonymous_4)","decl":{"start":{"line":22,"column":18},"end":{"line":22,"column":19}},"loc":{"start":{"line":22,"column":30},"end":{"line":22,"column":52}},"line":22}},"branchMap":{},"s":{"0":1,"1":1,"2":0,"3":0,"4":1,"5":0},"f":{"0":1,"1":0,"2":0,"3":1,"4":0},"b":{},"_coverageSchema":"1a1c01bbd47fc00a2c39e90264f33305004495a9","hash":"36441278bebd1db6c3e60c0d9d1c0973da44a3be"}
,"/Users/ma-molinari/Documents/projects/m-tech/m-feed-app/src/store/mmkvStorage.ts": {"path":"/Users/ma-molinari/Documents/projects/m-tech/m-feed-app/src/store/mmkvStorage.ts","statementMap":{"0":{"start":{"line":4,"column":24},"end":{"line":4,"column":28}},"1":{"start":{"line":5,"column":0},"end":{"line":9,"column":1}},"2":{"start":{"line":6,"column":2},"end":{"line":6,"column":43}},"3":{"start":{"line":8,"column":2},"end":{"line":8,"column":14}},"4":{"start":{"line":11,"column":15},"end":{"line":11,"column":40}},"5":{"start":{"line":13,"column":41},"end":{"line":26,"column":1}},"6":{"start":{"line":15,"column":4},"end":{"line":15,"column":50}},"7":{"start":{"line":15,"column":14},"end":{"line":15,"column":50}},"8":{"start":{"line":16,"column":4},"end":{"line":16,"column":36}},"9":{"start":{"line":19,"column":4},"end":{"line":20,"column":33}},"10":{"start":{"line":19,"column":14},"end":{"line":19,"column":36}},"11":{"start":{"line":20,"column":9},"end":{"line":20,"column":33}},"12":{"start":{"line":23,"column":4},"end":{"line":24,"column":29}},"13":{"start":{"line":23,"column":14},"end":{"line":23,"column":32}},"14":{"start":{"line":24,"column":9},"end":{"line":24,"column":29}}},"fnMap":{"0":{"name":"(anonymous_0)","decl":{"start":{"line":14,"column":11},"end":{"line":14,"column":12}},"loc":{"start":{"line":14,"column":21},"end":{"line":17,"column":3}},"line":14},"1":{"name":"(anonymous_1)","decl":{"start":{"line":18,"column":11},"end":{"line":18,"column":12}},"loc":{"start":{"line":18,"column":28},"end":{"line":21,"column":3}},"line":18},"2":{"name":"(anonymous_2)","decl":{"start":{"line":22,"column":14},"end":{"line":22,"column":15}},"loc":{"start":{"line":22,"column":24},"end":{"line":25,"column":3}},"line":22}},"branchMap":{"0":{"loc":{"start":{"line":15,"column":4},"end":{"line":15,"column":50}},"type":"if","locations":[{"start":{"line":15,"column":4},"end":{"line":15,"column":50}},{"start":{},"end":{}}],"line":15},"1":{"loc":{"start":{"line":15,"column":21},"end":{"line":15,"column":49}},"type":"binary-expr","locations":[{"start":{"line":15,"column":21},"end":{"line":15,"column":41}},{"start":{"line":15,"column":45},"end":{"line":15,"column":49}}],"line":15},"2":{"loc":{"start":{"line":16,"column":11},"end":{"line":16,"column":35}},"type":"binary-expr","locations":[{"start":{"line":16,"column":11},"end":{"line":16,"column":27}},{"start":{"line":16,"column":31},"end":{"line":16,"column":35}}],"line":16},"3":{"loc":{"start":{"line":19,"column":4},"end":{"line":20,"column":33}},"type":"if","locations":[{"start":{"line":19,"column":4},"end":{"line":20,"column":33}},{"start":{"line":20,"column":9},"end":{"line":20,"column":33}}],"line":19},"4":{"loc":{"start":{"line":23,"column":4},"end":{"line":24,"column":29}},"type":"if","locations":[{"start":{"line":23,"column":4},"end":{"line":24,"column":29}},{"start":{"line":24,"column":9},"end":{"line":24,"column":29}}],"line":23}},"s":{"0":1,"1":1,"2":1,"3":0,"4":1,"5":1,"6":1,"7":1,"8":0,"9":0,"10":0,"11":0,"12":0,"13":0,"14":0},"f":{"0":1,"1":0,"2":0},"b":{"0":[1,0],"1":[1,1],"2":[0,0],"3":[0,0],"4":[0,0]},"_coverageSchema":"1a1c01bbd47fc00a2c39e90264f33305004495a9","hash":"b7a66cc5361a2b1768e276a3ffdc0e330f5471f2"}
,"/Users/ma-molinari/Documents/projects/m-tech/m-feed-app/src/theme/colors.ts": {"path":"/Users/ma-molinari/Documents/projects/m-tech/m-feed-app/src/theme/colors.ts","statementMap":{"0":{"start":{"line":1,"column":22},"end":{"line":10,"column":10}}},"fnMap":{},"branchMap":{},"s":{"0":1},"f":{},"b":{},"_coverageSchema":"1a1c01bbd47fc00a2c39e90264f33305004495a9","hash":"8ac2ac3e2804be76c408a80dc8dac3767ffa4a2d"}
,"/Users/ma-molinari/Documents/projects/m-tech/m-feed-app/src/theme/spacing.ts": {"path":"/Users/ma-molinari/Documents/projects/m-tech/m-feed-app/src/theme/spacing.ts","statementMap":{"0":{"start":{"line":1,"column":23},"end":{"line":7,"column":10}}},"fnMap":{},"branchMap":{},"s":{"0":1},"f":{},"b":{},"_coverageSchema":"1a1c01bbd47fc00a2c39e90264f33305004495a9","hash":"4d4a7fde53ec75fd76d5591b0a283b3fd7728f8b"}
,"/Users/ma-molinari/Documents/projects/m-tech/m-feed-app/src/theme/typography.ts": {"path":"/Users/ma-molinari/Documents/projects/m-tech/m-feed-app/src/theme/typography.ts","statementMap":{"0":{"start":{"line":1,"column":26},"end":{"line":6,"column":10}}},"fnMap":{},"branchMap":{},"s":{"0":1},"f":{},"b":{},"_coverageSchema":"1a1c01bbd47fc00a2c39e90264f33305004495a9","hash":"13e1420aeb1028b37c460a935ac5fdeff7b1c69f"}
}
